1547311263638	mozrunner::runner	INFO	Running command: "/Applications/Firefox.app/Contents/MacOS/firefox-bin" "-marionette" "-foreground" "-no-remote" "-profile" "/var/folders/62/1n9jz0zd6yl3bkgb1h6n8b9h0000gn/T/rust_mozprofile.NYNMy3kAouOp"
1547311269993	addons.webextension.screenshots@mozilla.org	WARN	Loading extension 'screenshots@mozilla.org': Reading manifest: Invalid host permission: resource://pdf.js/
1547311269993	addons.webextension.screenshots@mozilla.org	WARN	Loading extension 'screenshots@mozilla.org': Reading manifest: Invalid host permission: about:reader*
Can't find symbol 'GetGraphicsResetStatus'.
1547311272849	Marionette	INFO	Listening on port 51455
1547311318872	mozrunner::runner	INFO	Running command: "/Applications/Firefox.app/Contents/MacOS/firefox-bin" "-marionette" "-foreground" "-no-remote" "-profile" "/var/folders/62/1n9jz0zd6yl3bkgb1h6n8b9h0000gn/T/rust_mozprofile.ZsHLIJszL8jc"
1547311320421	addons.webextension.screenshots@mozilla.org	WARN	Loading extension 'screenshots@mozilla.org': Reading manifest: Invalid host permission: resource://pdf.js/
1547311320422	addons.webextension.screenshots@mozilla.org	WARN	Loading extension 'screenshots@mozilla.org': Reading manifest: Invalid host permission: about:reader*
Can't find symbol 'GetGraphicsResetStatus'.
1547311322729	Marionette	INFO	Listening on port 51702
1547311322794	Marionette	WARN	TLS certificate errors will be ignored for this session
Marionette threw an error: TypeError: this.curBrowser.contentBrowser is null
GeckoDriver.prototype.get@chrome://marionette/content/driver.js:1083:3

JavaScript error: resource://gre/modules/WebProgressChild.jsm, line 58: TypeError: this.mm.content is null

###!!! [Child][RunMessage] Error: Channel closing: too late to send/recv, messages will be lost


###!!! [Child][RunMessage] Error: Channel closing: too late to send/recv, messages will be lost


###!!! [Child][RunMessage] Error: Channel closing: too late to send/recv, messages will be lost


###!!! [Child][RunMessage] Error: Channel closing: too late to send/recv, messages will be lost


###!!! [Child][RunMessage] Error: Channel closing: too late to send/recv, messages will be lost


###!!! [Child][RunMessage] Error: Channel closing: too late to send/recv, messages will be lost


###!!! [Child][RunMessage] Error: Channel closing: too late to send/recv, messages will be lost


###!!! [Child][RunMessage] Error: Channel closing: too late to send/recv, messages will be lost


###!!! [Child][RunMessage] Error: Channel closing: too late to send/recv, messages will be lost


###!!! [Child][RunMessage] Error: Channel closing: too late to send/recv, messages will be lost


###!!! [Child][RunMessage] Error: Channel closing: too late to send/recv, messages will be lost


###!!! [Child][RunMessage] Error: Channel closing: too late to send/recv, messages will be lost


###!!! [Child][RunMessage] Error: Channel closing: too late to send/recv, messages will be lost


###!!! [Child][RunMessage] Error: Channel closing: too late to send/recv, messages will be lost


###!!! [Child][RunMessage] Error: Channel closing: too late to send/recv, messages will be lost


###!!! [Child][RunMessage] Error: Channel closing: too late to send/recv, messages will be lost


###!!! [Child][RunMessage] Error: Channel closing: too late to send/recv, messages will be lost


###!!! [Child][RunMessage] Error: Channel closing: too late to send/recv, messages will be lost


###!!! [Child][RunMessage] Error: Channel closing: too late to send/recv, messages will be lost


###!!! [Child][RunMessage] Error: Channel closing: too late to send/recv, messages will be lost


###!!! [Child][RunMessage] Error: Channel closing: too late to send/recv, messages will be lost

1547311349086	mozrunner::runner	INFO	Running command: "/Applications/Firefox.app/Contents/MacOS/firefox-bin" "-marionette" "-foreground" "-no-remote" "-profile" "/var/folders/62/1n9jz0zd6yl3bkgb1h6n8b9h0000gn/T/rust_mozprofile.4N0WVwIuZmUe"
1547311350511	addons.webextension.screenshots@mozilla.org	WARN	Loading extension 'screenshots@mozilla.org': Reading manifest: Invalid host permission: resource://pdf.js/
1547311350512	addons.webextension.screenshots@mozilla.org	WARN	Loading extension 'screenshots@mozilla.org': Reading manifest: Invalid host permission: about:reader*
Can't find symbol 'GetGraphicsResetStatus'.
1547311352231	Marionette	INFO	Listening on port 51945
1547311352334	Marionette	WARN	TLS certificate errors will be ignored for this session
JavaScript warning: https://media.erate.co.il/erate.pp.js?v=218p, line 1: unreachable code after return statement
JavaScript warning: https://media.erate.co.il/erate.pp.js?v=218p, line 1: unreachable code after return statement
JavaScript warning: https://media.erate.co.il/erate.pp.js?v=218p, line 1: unreachable code after return statement
JavaScript warning: https://media.erate.co.il/erate.pp.js?v=218p, line 1: unreachable code after return statement
JavaScript warning: https://media.erate.co.il/erate.pp.js?v=218p, line 1: unreachable code after return statement
JavaScript warning: https://media.erate.co.il/erate.pp.js?v=218p, line 1: unreachable code after return statement
JavaScript warning: https://media.erate.co.il/erate.pp.js?v=218p, line 1: unreachable code after return statement
JavaScript warning: https://media.erate.co.il/erate.pp.js?v=218p, line 1: unreachable code after return statement
JavaScript warning: https://media.erate.co.il/erate.pp.js?v=218p, line 1: unreachable code after return statement
JavaScript warning: https://media.erate.co.il/erate.pp.js?v=218p, line 1: unreachable code after return statement
JavaScript warning: https://media.erate.co.il/erate.pp.js?v=218p, line 1: unreachable code after return statement
JavaScript warning: https://media.erate.co.il/erate.pp.js?v=218p, line 1: unreachable code after return statement
JavaScript warning: https://media.erate.co.il/erate.pp.js?v=218p, line 1: unreachable code after return statement
JavaScript warning: https://media.erate.co.il/erate.pp.js?v=218p, line 1: unreachable code after return statement
JavaScript warning: https://media.erate.co.il/erate.pp.js?v=218p, line 1: unreachable code after return statement
JavaScript warning: https://media.erate.co.il/erate.pp.js?v=218p, line 1: unreachable code after return statement
JavaScript warning: https://media.erate.co.il/erate.pp.js?v=218p, line 1: unreachable code after return statement
JavaScript warning: https://media.erate.co.il/erate.pp.js?v=218p, line 1: unreachable code after return statement
JavaScript warning: https://media.erate.co.il/erate.pp.js?v=218p, line 1: unreachable code after return statement
JavaScript warning: https://media.erate.co.il/erate.pp.js?v=218p, line 1: unreachable code after return statement
JavaScript warning: https://media.erate.co.il/erate.pp.js?v=218p, line 1: unreachable code after return statement
console.error: BroadcastService: 
  receivedBroadcastMessage: handler for
  remote-settings/monitor_changes
  threw error:
  Message: Error: Polling for changes failed: NetworkError when attempting to fetch resource..
  Stack:
    remoteSettingsFunction/remoteSettings.pollChanges@resource://services-settings/remote-settings.js:750:13

Marionette threw an error: TypeError: this.curBrowser.contentBrowser is null
GeckoDriver.prototype.get@chrome://marionette/content/driver.js:1083:3

1547311405760	Marionette	INFO	Stopped listening on port 51945
1547311409373	Marionette	INFO	Stopped listening on port 51702
1547311412017	Marionette	INFO	Stopped listening on port 51455
1547311424878	mozrunner::runner	INFO	Running command: "/Applications/Firefox.app/Contents/MacOS/firefox-bin" "-marionette" "-foreground" "-no-remote" "-profile" "/var/folders/62/1n9jz0zd6yl3bkgb1h6n8b9h0000gn/T/rust_mozprofile.XzYGZdJz4BZh"
1547311425773	addons.webextension.screenshots@mozilla.org	WARN	Loading extension 'screenshots@mozilla.org': Reading manifest: Invalid host permission: resource://pdf.js/
1547311425773	addons.webextension.screenshots@mozilla.org	WARN	Loading extension 'screenshots@mozilla.org': Reading manifest: Invalid host permission: about:reader*
Can't find symbol 'GetGraphicsResetStatus'.
1547311427342	Marionette	INFO	Listening on port 52428
1547311427388	Marionette	WARN	TLS certificate errors will be ignored for this session
1547311446020	Marionette	INFO	Stopped listening on port 52428
1547311872349	mozrunner::runner	INFO	Running command: "/Applications/Firefox.app/Contents/MacOS/firefox-bin" "-marionette" "-foreground" "-no-remote" "-profile" "/var/folders/62/1n9jz0zd6yl3bkgb1h6n8b9h0000gn/T/rust_mozprofile.hu7aoQPL97Lf"
1547311873426	addons.webextension.screenshots@mozilla.org	WARN	Loading extension 'screenshots@mozilla.org': Reading manifest: Invalid host permission: resource://pdf.js/
1547311873427	addons.webextension.screenshots@mozilla.org	WARN	Loading extension 'screenshots@mozilla.org': Reading manifest: Invalid host permission: about:reader*
Can't find symbol 'GetGraphicsResetStatus'.
1547311876002	Marionette	INFO	Listening on port 52701
1547311876067	Marionette	WARN	TLS certificate errors will be ignored for this session
1547311949227	mozrunner::runner	INFO	Running command: "/Applications/Firefox.app/Contents/MacOS/firefox-bin" "-marionette" "-foreground" "-no-remote" "-profile" "/var/folders/62/1n9jz0zd6yl3bkgb1h6n8b9h0000gn/T/rust_mozprofile.9KY5o6yndurD"
1547311950355	addons.webextension.screenshots@mozilla.org	WARN	Loading extension 'screenshots@mozilla.org': Reading manifest: Invalid host permission: resource://pdf.js/
1547311950355	addons.webextension.screenshots@mozilla.org	WARN	Loading extension 'screenshots@mozilla.org': Reading manifest: Invalid host permission: about:reader*
Can't find symbol 'GetGraphicsResetStatus'.
1547311952198	Marionette	INFO	Listening on port 52762
1547311952300	Marionette	WARN	TLS certificate errors will be ignored for this session
1547311990045	mozrunner::runner	INFO	Running command: "/Applications/Firefox.app/Contents/MacOS/firefox-bin" "-marionette" "-foreground" "-no-remote" "-profile" "/var/folders/62/1n9jz0zd6yl3bkgb1h6n8b9h0000gn/T/rust_mozprofile.anBdhco9kySX"
1547311990837	addons.webextension.screenshots@mozilla.org	WARN	Loading extension 'screenshots@mozilla.org': Reading manifest: Invalid host permission: resource://pdf.js/
1547311990837	addons.webextension.screenshots@mozilla.org	WARN	Loading extension 'screenshots@mozilla.org': Reading manifest: Invalid host permission: about:reader*
Can't find symbol 'GetGraphicsResetStatus'.
1547311992638	Marionette	INFO	Listening on port 52816
1547311992729	Marionette	WARN	TLS certificate errors will be ignored for this session
JavaScript warning: https://media.erate.co.il/erate.pp.js?v=218p, line 1: unreachable code after return statement
JavaScript warning: https://media.erate.co.il/erate.pp.js?v=218p, line 1: unreachable code after return statement
JavaScript warning: https://media.erate.co.il/erate.pp.js?v=218p, line 1: unreachable code after return statement
JavaScript warning: https://media.erate.co.il/erate.pp.js?v=218p, line 1: unreachable code after return statement
JavaScript warning: https://media.erate.co.il/erate.pp.js?v=218p, line 1: unreachable code after return statement
JavaScript warning: https://media.erate.co.il/erate.pp.js?v=218p, line 1: unreachable code after return statement
JavaScript warning: https://media.erate.co.il/erate.pp.js?v=218p, line 1: unreachable code after return statement
JavaScript warning: https://media.erate.co.il/erate.pp.js?v=218p, line 1: unreachable code after return statement
JavaScript warning: https://media.erate.co.il/erate.pp.js?v=218p, line 1: unreachable code after return statement
JavaScript warning: https://media.erate.co.il/erate.pp.js?v=218p, line 1: unreachable code after return statement
JavaScript warning: https://media.erate.co.il/erate.pp.js?v=218p, line 1: unreachable code after return statement
JavaScript warning: https://media.erate.co.il/erate.pp.js?v=218p, line 1: unreachable code after return statement
JavaScript warning: https://media.erate.co.il/erate.pp.js?v=218p, line 1: unreachable code after return statement
JavaScript warning: https://media.erate.co.il/erate.pp.js?v=218p, line 1: unreachable code after return statement
JavaScript warning: https://media.erate.co.il/erate.pp.js?v=218p, line 1: unreachable code after return statement
JavaScript warning: https://media.erate.co.il/erate.pp.js?v=218p, line 1: unreachable code after return statement
JavaScript warning: https://media.erate.co.il/erate.pp.js?v=218p, line 1: unreachable code after return statement
JavaScript warning: https://media.erate.co.il/erate.pp.js?v=218p, line 1: unreachable code after return statement
JavaScript warning: https://media.erate.co.il/erate.pp.js?v=218p, line 1: unreachable code after return statement
JavaScript warning: https://media.erate.co.il/erate.pp.js?v=218p, line 1: unreachable code after return statement
JavaScript warning: https://media.erate.co.il/erate.pp.js?v=218p, line 1: unreachable code after return statement
1547312011527	mozrunner::runner	INFO	Running command: "/Applications/Firefox.app/Contents/MacOS/firefox-bin" "-marionette" "-foreground" "-no-remote" "-profile" "/var/folders/62/1n9jz0zd6yl3bkgb1h6n8b9h0000gn/T/rust_mozprofile.1LaBOqxbA2I5"
1547312013499	addons.webextension.screenshots@mozilla.org	WARN	Loading extension 'screenshots@mozilla.org': Reading manifest: Invalid host permission: resource://pdf.js/
1547312013499	addons.webextension.screenshots@mozilla.org	WARN	Loading extension 'screenshots@mozilla.org': Reading manifest: Invalid host permission: about:reader*
Can't find symbol 'GetGraphicsResetStatus'.
1547312016124	Marionette	INFO	Listening on port 52975
1547312016173	Marionette	WARN	TLS certificate errors will be ignored for this session
JavaScript warning: https://media.erate.co.il/erate.pp.js?v=218p, line 1: unreachable code after return statement
JavaScript warning: https://media.erate.co.il/erate.pp.js?v=218p, line 1: unreachable code after return statement
JavaScript warning: https://media.erate.co.il/erate.pp.js?v=218p, line 1: unreachable code after return statement
JavaScript warning: https://media.erate.co.il/erate.pp.js?v=218p, line 1: unreachable code after return statement
JavaScript warning: https://media.erate.co.il/erate.pp.js?v=218p, line 1: unreachable code after return statement
JavaScript warning: https://media.erate.co.il/erate.pp.js?v=218p, line 1: unreachable code after return statement
JavaScript warning: https://media.erate.co.il/erate.pp.js?v=218p, line 1: unreachable code after return statement
JavaScript warning: https://media.erate.co.il/erate.pp.js?v=218p, line 1: unreachable code after return statement
JavaScript warning: https://media.erate.co.il/erate.pp.js?v=218p, line 1: unreachable code after return statement
JavaScript warning: https://media.erate.co.il/erate.pp.js?v=218p, line 1: unreachable code after return statement
JavaScript warning: https://media.erate.co.il/erate.pp.js?v=218p, line 1: unreachable code after return statement
JavaScript warning: https://media.erate.co.il/erate.pp.js?v=218p, line 1: unreachable code after return statement
JavaScript warning: https://media.erate.co.il/erate.pp.js?v=218p, line 1: unreachable code after return statement
JavaScript warning: https://media.erate.co.il/erate.pp.js?v=218p, line 1: unreachable code after return statement
JavaScript warning: https://media.erate.co.il/erate.pp.js?v=218p, line 1: unreachable code after return statement
JavaScript warning: https://media.erate.co.il/erate.pp.js?v=218p, line 1: unreachable code after return statement
JavaScript warning: https://media.erate.co.il/erate.pp.js?v=218p, line 1: unreachable code after return statement
JavaScript warning: https://media.erate.co.il/erate.pp.js?v=218p, line 1: unreachable code after return statement
JavaScript warning: https://media.erate.co.il/erate.pp.js?v=218p, line 1: unreachable code after return statement
JavaScript warning: https://media.erate.co.il/erate.pp.js?v=218p, line 1: unreachable code after return statement
JavaScript warning: https://media.erate.co.il/erate.pp.js?v=218p, line 1: unreachable code after return statement
JavaScript warning: https://media.erate.co.il/erate.pp.js?v=218p, line 1: unreachable code after return statement
JavaScript warning: https://media.erate.co.il/erate.pp.js?v=218p, line 1: unreachable code after return statement
JavaScript warning: https://media.erate.co.il/erate.pp.js?v=218p, line 1: unreachable code after return statement
JavaScript warning: https://media.erate.co.il/erate.pp.js?v=218p, line 1: unreachable code after return statement
Can't find symbol 'GetGraphicsResetStatus'.
JavaScript error: https://media.erate.co.il/?pid:48420;tid:52334;perId:40;opif:0, line 35: TypeError: Argument 2 of EventTarget.addEventListener is not an object.
Marionette threw an error: TypeError: this.curBrowser.contentBrowser is null
GeckoDriver.prototype.get@chrome://marionette/content/driver.js:1083:3

console.error: BroadcastService: 
  receivedBroadcastMessage: handler for
  remote-settings/monitor_changes
  threw error:
  Message: Error: Polling for changes failed: NetworkError when attempting to fetch resource..
  Stack:
    remoteSettingsFunction/remoteSettings.pollChanges@resource://services-settings/remote-settings.js:750:13

console.error: BroadcastService: 
  receivedBroadcastMessage: handler for
  remote-settings/monitor_changes
  threw error:
  Message: Error: Polling for changes failed: NetworkError when attempting to fetch resource..
  Stack:
    remoteSettingsFunction/remoteSettings.pollChanges@resource://services-settings/remote-settings.js:750:13

console.error: BroadcastService: 
  receivedBroadcastMessage: handler for
  remote-settings/monitor_changes
  threw error:
  Message: Error: Polling for changes failed: NetworkError when attempting to fetch resource..
  Stack:
    remoteSettingsFunction/remoteSettings.pollChanges@resource://services-settings/remote-settings.js:750:13

1547314041261	mozrunner::runner	INFO	Running command: "/Applications/Firefox.app/Contents/MacOS/firefox-bin" "-marionette" "-foreground" "-no-remote" "-profile" "/var/folders/62/1n9jz0zd6yl3bkgb1h6n8b9h0000gn/T/rust_mozprofile.Jt6gb09quvrm"
1547314043101	addons.webextension.screenshots@mozilla.org	WARN	Loading extension 'screenshots@mozilla.org': Reading manifest: Invalid host permission: resource://pdf.js/
1547314043102	addons.webextension.screenshots@mozilla.org	WARN	Loading extension 'screenshots@mozilla.org': Reading manifest: Invalid host permission: about:reader*
Can't find symbol 'GetGraphicsResetStatus'.
1547314045435	Marionette	INFO	Listening on port 53458
1547314045531	Marionette	WARN	TLS certificate errors will be ignored for this session
JavaScript warning: https://media.erate.co.il/erate.pp.js?v=218p, line 1: unreachable code after return statement
JavaScript warning: https://media.erate.co.il/erate.pp.js?v=218p, line 1: unreachable code after return statement
JavaScript warning: https://media.erate.co.il/erate.pp.js?v=218p, line 1: unreachable code after return statement
JavaScript warning: https://media.erate.co.il/erate.pp.js?v=218p, line 1: unreachable code after return statement
JavaScript warning: https://media.erate.co.il/erate.pp.js?v=218p, line 1: unreachable code after return statement
JavaScript warning: https://media.erate.co.il/erate.pp.js?v=218p, line 1: unreachable code after return statement
JavaScript warning: https://media.erate.co.il/erate.pp.js?v=218p, line 1: unreachable code after return statement
JavaScript warning: https://media.erate.co.il/erate.pp.js?v=218p, line 1: unreachable code after return statement
JavaScript warning: https://media.erate.co.il/erate.pp.js?v=218p, line 1: unreachable code after return statement
JavaScript warning: https://media.erate.co.il/erate.pp.js?v=218p, line 1: unreachable code after return statement
JavaScript warning: https://media.erate.co.il/erate.pp.js?v=218p, line 1: unreachable code after return statement
JavaScript warning: https://media.erate.co.il/erate.pp.js?v=218p, line 1: unreachable code after return statement
JavaScript warning: https://media.erate.co.il/erate.pp.js?v=218p, line 1: unreachable code after return statement
JavaScript warning: https://media.erate.co.il/erate.pp.js?v=218p, line 1: unreachable code after return statement
JavaScript warning: https://media.erate.co.il/erate.pp.js?v=218p, line 1: unreachable code after return statement
JavaScript warning: https://media.erate.co.il/erate.pp.js?v=218p, line 1: unreachable code after return statement
JavaScript warning: https://media.erate.co.il/erate.pp.js?v=218p, line 1: unreachable code after return statement
JavaScript warning: https://media.erate.co.il/erate.pp.js?v=218p, line 1: unreachable code after return statement
JavaScript warning: https://media.erate.co.il/erate.pp.js?v=218p, line 1: unreachable code after return statement
JavaScript warning: https://media.erate.co.il/erate.pp.js?v=218p, line 1: unreachable code after return statement
JavaScript warning: https://media.erate.co.il/erate.pp.js?v=218p, line 1: unreachable code after return statement
JavaScript warning: https://media.erate.co.il/erate.pp.js?v=218p, line 1: unreachable code after return statement
JavaScript warning: https://media.erate.co.il/erate.pp.js?v=218p, line 1: unreachable code after return statement
JavaScript warning: https://media.erate.co.il/erate.pp.js?v=218p, line 1: unreachable code after return statement
JavaScript warning: https://media.erate.co.il/erate.pp.js?v=218p, line 1: unreachable code after return statement
JavaScript warning: https://media.erate.co.il/erate.pp.js?v=218p, line 1: unreachable code after return statement
JavaScript warning: https://media.erate.co.il/erate.pp.js?v=218p, line 1: unreachable code after return statement
JavaScript warning: https://media.erate.co.il/erate.pp.js?v=218p, line 1: unreachable code after return statement
JavaScript warning: https://media.erate.co.il/erate.pp.js?v=218p, line 1: unreachable code after return statement
JavaScript warning: https://media.erate.co.il/erate.pp.js?v=218p, line 1: unreachable code after return statement
JavaScript warning: https://media.erate.co.il/erate.pp.js?v=218p, line 1: unreachable code after return statement
JavaScript warning: https://media.erate.co.il/erate.pp.js?v=218p, line 1: unreachable code after return statement
JavaScript warning: https://media.erate.co.il/erate.pp.js?v=218p, line 1: unreachable code after return statement
JavaScript warning: https://media.erate.co.il/erate.pp.js?v=218p, line 1: unreachable code after return statement
JavaScript warning: https://media.erate.co.il/erate.pp.js?v=218p, line 1: unreachable code after return statement
JavaScript warning: https://media.erate.co.il/erate.pp.js?v=218p, line 1: unreachable code after return statement
JavaScript warning: https://media.erate.co.il/erate.pp.js?v=218p, line 1: unreachable code after return statement
JavaScript warning: https://media.erate.co.il/erate.pp.js?v=218p, line 1: unreachable code after return statement
JavaScript warning: https://media.erate.co.il/erate.pp.js?v=218p, line 1: unreachable code after return statement
JavaScript warning: https://media.erate.co.il/erate.pp.js?v=218p, line 1: unreachable code after return statement
JavaScript warning: https://media.erate.co.il/erate.pp.js?v=218p, line 1: unreachable code after return statement
JavaScript warning: https://media.erate.co.il/erate.pp.js?v=218p, line 1: unreachable code after return statement
JavaScript warning: https://www.googletagmanager.com/gtag/js?id=AW-803053515, line 87: unreachable code after return statement
JavaScript warning: https://www.googletagmanager.com/gtag/js?id=AW-803053515, line 147: unreachable code after return statement
JavaScript warning: https://www.googletagmanager.com/gtag/js?id=AW-803053515, line 147: unreachable code after return statement
JavaScript warning: https://www.googletagmanager.com/gtag/js?id=AW-803053515, line 147: unreachable code after return statement
JavaScript warning: https://www.googletagmanager.com/gtag/js?id=985671688188625, line 87: unreachable code after return statement
JavaScript warning: https://www.googletagmanager.com/gtag/js?id=985671688188625, line 147: unreachable code after return statement
JavaScript warning: https://www.googletagmanager.com/gtag/js?id=985671688188625, line 147: unreachable code after return statement
JavaScript warning: https://www.googletagmanager.com/gtag/js?id=985671688188625, line 147: unreachable code after return statement
JavaScript warning: https://www.googletagmanager.com/gtag/js?id=AW-803053515, line 87: unreachable code after return statement
JavaScript warning: https://www.googletagmanager.com/gtag/js?id=AW-803053515, line 147: unreachable code after return statement
JavaScript warning: https://media.erate.co.il/erate.pp.js?v=218p, line 1: unreachable code after return statement
JavaScript warning: https://media.erate.co.il/erate.pp.js?v=218p, line 1: unreachable code after return statement
JavaScript warning: https://media.erate.co.il/erate.pp.js?v=218p, line 1: unreachable code after return statement
JavaScript warning: https://media.erate.co.il/erate.pp.js?v=218p, line 1: unreachable code after return statement
JavaScript warning: https://media.erate.co.il/erate.pp.js?v=218p, line 1: unreachable code after return statement
JavaScript warning: https://media.erate.co.il/erate.pp.js?v=218p, line 1: unreachable code after return statement
JavaScript warning: https://media.erate.co.il/erate.pp.js?v=218p, line 1: unreachable code after return statement
JavaScript warning: https://media.erate.co.il/erate.pp.js?v=218p, line 1: unreachable code after return statement
JavaScript warning: https://media.erate.co.il/erate.pp.js?v=218p, line 1: unreachable code after return statement
JavaScript warning: https://media.erate.co.il/erate.pp.js?v=218p, line 1: unreachable code after return statement
JavaScript warning: https://media.erate.co.il/erate.pp.js?v=218p, line 1: unreachable code after return statement
JavaScript warning: https://media.erate.co.il/erate.pp.js?v=218p, line 1: unreachable code after return statement
JavaScript warning: https://media.erate.co.il/erate.pp.js?v=218p, line 1: unreachable code after return statement
JavaScript warning: https://media.erate.co.il/erate.pp.js?v=218p, line 1: unreachable code after return statement
JavaScript warning: https://media.erate.co.il/erate.pp.js?v=218p, line 1: unreachable code after return statement
JavaScript warning: https://media.erate.co.il/erate.pp.js?v=218p, line 1: unreachable code after return statement
JavaScript warning: https://media.erate.co.il/erate.pp.js?v=218p, line 1: unreachable code after return statement
JavaScript warning: https://media.erate.co.il/erate.pp.js?v=218p, line 1: unreachable code after return statement
JavaScript warning: https://media.erate.co.il/erate.pp.js?v=218p, line 1: unreachable code after return statement
JavaScript warning: https://media.erate.co.il/erate.pp.js?v=218p, line 1: unreachable code after return statement
JavaScript warning: https://media.erate.co.il/erate.pp.js?v=218p, line 1: unreachable code after return statement
1547314214466	mozrunner::runner	INFO	Running command: "/Applications/Firefox.app/Contents/MacOS/firefox-bin" "-marionette" "-foreground" "-no-remote" "-profile" "/var/folders/62/1n9jz0zd6yl3bkgb1h6n8b9h0000gn/T/rust_mozprofile.MsZMerLj6xrM"
1547314216881	addons.webextension.screenshots@mozilla.org	WARN	Loading extension 'screenshots@mozilla.org': Reading manifest: Invalid host permission: resource://pdf.js/
1547314216882	addons.webextension.screenshots@mozilla.org	WARN	Loading extension 'screenshots@mozilla.org': Reading manifest: Invalid host permission: about:reader*
Can't find symbol 'GetGraphicsResetStatus'.
1547314220291	Marionette	INFO	Listening on port 54022
1547314220488	Marionette	WARN	TLS certificate errors will be ignored for this session
JavaScript warning: https://media.erate.co.il/erate.pp.js?v=218p, line 1: unreachable code after return statement
JavaScript warning: https://media.erate.co.il/erate.pp.js?v=218p, line 1: unreachable code after return statement
JavaScript warning: https://media.erate.co.il/erate.pp.js?v=218p, line 1: unreachable code after return statement
JavaScript warning: https://media.erate.co.il/erate.pp.js?v=218p, line 1: unreachable code after return statement
JavaScript warning: https://media.erate.co.il/erate.pp.js?v=218p, line 1: unreachable code after return statement
JavaScript warning: https://media.erate.co.il/erate.pp.js?v=218p, line 1: unreachable code after return statement
JavaScript warning: https://media.erate.co.il/erate.pp.js?v=218p, line 1: unreachable code after return statement
JavaScript warning: https://media.erate.co.il/erate.pp.js?v=218p, line 1: unreachable code after return statement
JavaScript warning: https://media.erate.co.il/erate.pp.js?v=218p, line 1: unreachable code after return statement
JavaScript warning: https://media.erate.co.il/erate.pp.js?v=218p, line 1: unreachable code after return statement
JavaScript warning: https://media.erate.co.il/erate.pp.js?v=218p, line 1: unreachable code after return statement
JavaScript warning: https://media.erate.co.il/erate.pp.js?v=218p, line 1: unreachable code after return statement
JavaScript warning: https://media.erate.co.il/erate.pp.js?v=218p, line 1: unreachable code after return statement
JavaScript warning: https://media.erate.co.il/erate.pp.js?v=218p, line 1: unreachable code after return statement
JavaScript warning: https://media.erate.co.il/erate.pp.js?v=218p, line 1: unreachable code after return statement
JavaScript warning: https://media.erate.co.il/erate.pp.js?v=218p, line 1: unreachable code after return statement
JavaScript warning: https://media.erate.co.il/erate.pp.js?v=218p, line 1: unreachable code after return statement
JavaScript warning: https://media.erate.co.il/erate.pp.js?v=218p, line 1: unreachable code after return statement
JavaScript warning: https://media.erate.co.il/erate.pp.js?v=218p, line 1: unreachable code after return statement
JavaScript warning: https://media.erate.co.il/erate.pp.js?v=218p, line 1: unreachable code after return statement
JavaScript warning: https://media.erate.co.il/erate.pp.js?v=218p, line 1: unreachable code after return statement
JavaScript error: jar:file:///Applications/Firefox.app/Contents/Resources/omni.ja!/components/amInstallTrigger.js, line 41: TypeError: this.mm is null
JavaScript warning: https://media.erate.co.il/erate.pp.js?v=218p, line 1: unreachable code after return statement
JavaScript warning: https://media.erate.co.il/erate.pp.js?v=218p, line 1: unreachable code after return statement
JavaScript warning: https://media.erate.co.il/erate.pp.js?v=218p, line 1: unreachable code after return statement
JavaScript warning: https://media.erate.co.il/erate.pp.js?v=218p, line 1: unreachable code after return statement
JavaScript warning: https://media.erate.co.il/erate.pp.js?v=218p, line 1: unreachable code after return statement
JavaScript warning: https://media.erate.co.il/erate.pp.js?v=218p, line 1: unreachable code after return statement
JavaScript warning: https://media.erate.co.il/erate.pp.js?v=218p, line 1: unreachable code after return statement
JavaScript warning: https://media.erate.co.il/erate.pp.js?v=218p, line 1: unreachable code after return statement
JavaScript warning: https://media.erate.co.il/erate.pp.js?v=218p, line 1: unreachable code after return statement
JavaScript warning: https://media.erate.co.il/erate.pp.js?v=218p, line 1: unreachable code after return statement
JavaScript warning: https://media.erate.co.il/erate.pp.js?v=218p, line 1: unreachable code after return statement
JavaScript warning: https://media.erate.co.il/erate.pp.js?v=218p, line 1: unreachable code after return statement
JavaScript warning: https://media.erate.co.il/erate.pp.js?v=218p, line 1: unreachable code after return statement
JavaScript warning: https://media.erate.co.il/erate.pp.js?v=218p, line 1: unreachable code after return statement
JavaScript warning: https://media.erate.co.il/erate.pp.js?v=218p, line 1: unreachable code after return statement
JavaScript warning: https://media.erate.co.il/erate.pp.js?v=218p, line 1: unreachable code after return statement
JavaScript warning: https://media.erate.co.il/erate.pp.js?v=218p, line 1: unreachable code after return statement
JavaScript warning: https://media.erate.co.il/erate.pp.js?v=218p, line 1: unreachable code after return statement
JavaScript warning: https://media.erate.co.il/erate.pp.js?v=218p, line 1: unreachable code after return statement
JavaScript warning: https://media.erate.co.il/erate.pp.js?v=218p, line 1: unreachable code after return statement
JavaScript warning: https://media.erate.co.il/erate.pp.js?v=218p, line 1: unreachable code after return statement
console.error: BroadcastService: 
  receivedBroadcastMessage: handler for
  remote-settings/monitor_changes
  threw error:
  Message: Error: Polling for changes failed: NetworkError when attempting to fetch resource..
  Stack:
    remoteSettingsFunction/remoteSettings.pollChanges@resource://services-settings/remote-settings.js:750:13

console.error: BroadcastService: 
  receivedBroadcastMessage: handler for
  remote-settings/monitor_changes
  threw error:
  Message: Error: Polling for changes failed: NetworkError when attempting to fetch resource..
  Stack:
    remoteSettingsFunction/remoteSettings.pollChanges@resource://services-settings/remote-settings.js:750:13

JavaScript warning: https://www.googletagmanager.com/gtag/js?id=985671688188625, line 87: unreachable code after return statement
JavaScript warning: https://www.googletagmanager.com/gtag/js?id=985671688188625, line 147: unreachable code after return statement
JavaScript warning: https://www.googletagmanager.com/gtag/js?id=985671688188625, line 147: unreachable code after return statement
JavaScript warning: https://www.googletagmanager.com/gtag/js?id=985671688188625, line 147: unreachable code after return statement
JavaScript warning: https://www.googletagmanager.com/gtag/js?id=AW-803053515, line 87: unreachable code after return statement
JavaScript warning: https://www.googletagmanager.com/gtag/js?id=AW-803053515, line 147: unreachable code after return statement
JavaScript warning: https://www.googletagmanager.com/gtag/js?id=AW-803053515, line 147: unreachable code after return statement
JavaScript warning: https://www.googletagmanager.com/gtag/js?id=AW-803053515, line 147: unreachable code after return statement
JavaScript warning: https://www.googletagmanager.com/gtag/js?id=AW-803053515, line 87: unreachable code after return statement
JavaScript warning: https://www.googletagmanager.com/gtag/js?id=AW-803053515, line 147: unreachable code after return statement
JavaScript warning: https://media.erate.co.il/erate.pp.js?v=218p, line 1: unreachable code after return statement
JavaScript warning: https://media.erate.co.il/erate.pp.js?v=218p, line 1: unreachable code after return statement
JavaScript warning: https://media.erate.co.il/erate.pp.js?v=218p, line 1: unreachable code after return statement
JavaScript warning: https://media.erate.co.il/erate.pp.js?v=218p, line 1: unreachable code after return statement
JavaScript warning: https://media.erate.co.il/erate.pp.js?v=218p, line 1: unreachable code after return statement
JavaScript warning: https://media.erate.co.il/erate.pp.js?v=218p, line 1: unreachable code after return statement
JavaScript warning: https://media.erate.co.il/erate.pp.js?v=218p, line 1: unreachable code after return statement
JavaScript warning: https://media.erate.co.il/erate.pp.js?v=218p, line 1: unreachable code after return statement
JavaScript warning: https://media.erate.co.il/erate.pp.js?v=218p, line 1: unreachable code after return statement
JavaScript warning: https://media.erate.co.il/erate.pp.js?v=218p, line 1: unreachable code after return statement
JavaScript warning: https://media.erate.co.il/erate.pp.js?v=218p, line 1: unreachable code after return statement
JavaScript warning: https://media.erate.co.il/erate.pp.js?v=218p, line 1: unreachable code after return statement
JavaScript warning: https://media.erate.co.il/erate.pp.js?v=218p, line 1: unreachable code after return statement
JavaScript warning: https://media.erate.co.il/erate.pp.js?v=218p, line 1: unreachable code after return statement
JavaScript warning: https://media.erate.co.il/erate.pp.js?v=218p, line 1: unreachable code after return statement
JavaScript warning: https://media.erate.co.il/erate.pp.js?v=218p, line 1: unreachable code after return statement
JavaScript warning: https://media.erate.co.il/erate.pp.js?v=218p, line 1: unreachable code after return statement
JavaScript warning: https://media.erate.co.il/erate.pp.js?v=218p, line 1: unreachable code after return statement
JavaScript warning: https://media.erate.co.il/erate.pp.js?v=218p, line 1: unreachable code after return statement
JavaScript warning: https://media.erate.co.il/erate.pp.js?v=218p, line 1: unreachable code after return statement
JavaScript warning: https://media.erate.co.il/erate.pp.js?v=218p, line 1: unreachable code after return statement
1547314374607	mozrunner::runner	INFO	Running command: "/Applications/Firefox.app/Contents/MacOS/firefox-bin" "-marionette" "-foreground" "-no-remote" "-profile" "/var/folders/62/1n9jz0zd6yl3bkgb1h6n8b9h0000gn/T/rust_mozprofile.6ShCzujKh3JX"
1547314377385	addons.webextension.screenshots@mozilla.org	WARN	Loading extension 'screenshots@mozilla.org': Reading manifest: Invalid host permission: resource://pdf.js/
1547314377385	addons.webextension.screenshots@mozilla.org	WARN	Loading extension 'screenshots@mozilla.org': Reading manifest: Invalid host permission: about:reader*
Can't find symbol 'GetGraphicsResetStatus'.
1547314382011	Marionette	INFO	Listening on port 54567
1547314382105	Marionette	WARN	TLS certificate errors will be ignored for this session
JavaScript warning: https://media.erate.co.il/erate.pp.js?v=218p, line 1: unreachable code after return statement
JavaScript warning: https://media.erate.co.il/erate.pp.js?v=218p, line 1: unreachable code after return statement
JavaScript warning: https://media.erate.co.il/erate.pp.js?v=218p, line 1: unreachable code after return statement
JavaScript warning: https://media.erate.co.il/erate.pp.js?v=218p, line 1: unreachable code after return statement
JavaScript warning: https://media.erate.co.il/erate.pp.js?v=218p, line 1: unreachable code after return statement
JavaScript warning: https://media.erate.co.il/erate.pp.js?v=218p, line 1: unreachable code after return statement
JavaScript warning: https://media.erate.co.il/erate.pp.js?v=218p, line 1: unreachable code after return statement
JavaScript warning: https://media.erate.co.il/erate.pp.js?v=218p, line 1: unreachable code after return statement
JavaScript warning: https://media.erate.co.il/erate.pp.js?v=218p, line 1: unreachable code after return statement
JavaScript warning: https://media.erate.co.il/erate.pp.js?v=218p, line 1: unreachable code after return statement
JavaScript warning: https://media.erate.co.il/erate.pp.js?v=218p, line 1: unreachable code after return statement
JavaScript warning: https://media.erate.co.il/erate.pp.js?v=218p, line 1: unreachable code after return statement
JavaScript warning: https://media.erate.co.il/erate.pp.js?v=218p, line 1: unreachable code after return statement
JavaScript warning: https://media.erate.co.il/erate.pp.js?v=218p, line 1: unreachable code after return statement
JavaScript warning: https://media.erate.co.il/erate.pp.js?v=218p, line 1: unreachable code after return statement
JavaScript warning: https://media.erate.co.il/erate.pp.js?v=218p, line 1: unreachable code after return statement
JavaScript warning: https://media.erate.co.il/erate.pp.js?v=218p, line 1: unreachable code after return statement
JavaScript warning: https://media.erate.co.il/erate.pp.js?v=218p, line 1: unreachable code after return statement
JavaScript warning: https://media.erate.co.il/erate.pp.js?v=218p, line 1: unreachable code after return statement
JavaScript warning: https://media.erate.co.il/erate.pp.js?v=218p, line 1: unreachable code after return statement
JavaScript warning: https://media.erate.co.il/erate.pp.js?v=218p, line 1: unreachable code after return statement
JavaScript warning: https://media.erate.co.il/erate.pp.js?v=218p, line 1: unreachable code after return statement
JavaScript warning: https://media.erate.co.il/erate.pp.js?v=218p, line 1: unreachable code after return statement
JavaScript warning: https://media.erate.co.il/erate.pp.js?v=218p, line 1: unreachable code after return statement
JavaScript warning: https://media.erate.co.il/erate.pp.js?v=218p, line 1: unreachable code after return statement
Can't find symbol 'GetGraphicsResetStatus'.
JavaScript error: https://media.erate.co.il/?pid:48420;tid:52334;perId:40;opif:0, line 35: TypeError: Argument 2 of EventTarget.addEventListener is not an object.
JavaScript error: resource://gre/modules/WebProgressChild.jsm, line 58: TypeError: this.mm.content is null
[Child 10210, Chrome_ChildThread] WARNING: pipe error: Broken pipe: file /builds/worker/workspace/build/src/ipc/chromium/src/chrome/common/ipc_channel_posix.cc, line 736

###!!! [Child][RunMessage] Error: Channel closing: too late to send/recv, messages will be lost


###!!! [Child][RunMessage] Error: Channel closing: too late to send/recv, messages will be lost


###!!! [Child][RunMessage] Error: Channel closing: too late to send/recv, messages will be lost


###!!! [Child][RunMessage] Error: Channel closing: too late to send/recv, messages will be lost


###!!! [Child][RunMessage] Error: Channel closing: too late to send/recv, messages will be lost


###!!! [Child][RunMessage] Error: Channel closing: too late to send/recv, messages will be lost


###!!! [Child][RunMessage] Error: Channel closing: too late to send/recv, messages will be lost


###!!! [Child][RunMessage] Error: Channel closing: too late to send/recv, messages will be lost

1547314463796	mozrunner::runner	INFO	Running command: "/Applications/Firefox.app/Contents/MacOS/firefox-bin" "-marionette" "-foreground" "-no-remote" "-profile" "/var/folders/62/1n9jz0zd6yl3bkgb1h6n8b9h0000gn/T/rust_mozprofile.w3hPMMj0nDLA"
1547314466776	addons.webextension.screenshots@mozilla.org	WARN	Loading extension 'screenshots@mozilla.org': Reading manifest: Invalid host permission: resource://pdf.js/
1547314466776	addons.webextension.screenshots@mozilla.org	WARN	Loading extension 'screenshots@mozilla.org': Reading manifest: Invalid host permission: about:reader*
Can't find symbol 'GetGraphicsResetStatus'.
1547314471360	Marionette	INFO	Listening on port 54791
1547314471492	Marionette	WARN	TLS certificate errors will be ignored for this session
[Child 10223, Chrome_ChildThread] WARNING: pipe error: Broken pipe: file /builds/worker/workspace/build/src/ipc/chromium/src/chrome/common/ipc_channel_posix.cc, line 736
[Child 10223, Chrome_ChildThread] WARNING: pipe error: Broken pipe: file /builds/worker/workspace/build/src/ipc/chromium/src/chrome/common/ipc_channel_posix.cc, line 736
[Child 10223, Chrome_ChildThread] WARNING: pipe error: Broken pipe: file /builds/worker/workspace/build/src/ipc/chromium/src/chrome/common/ipc_channel_posix.cc, line 736
[Child 10223, Chrome_ChildThread] WARNING: pipe error: Broken pipe: file /builds/worker/workspace/build/src/ipc/chromium/src/chrome/common/ipc_channel_posix.cc, line 736
[Child 10223, Chrome_ChildThread] WARNING: pipe error: Broken pipe: file /builds/worker/workspace/build/src/ipc/chromium/src/chrome/common/ipc_channel_posix.cc, line 736
[Child 10223, Chrome_ChildThread] WARNING: pipe error: Broken pipe: file /builds/worker/workspace/build/src/ipc/chromium/src/chrome/common/ipc_channel_posix.cc, line 736
[Child 10223, Chrome_ChildThread] WARNING: pipe error: Broken pipe: file /builds/worker/workspace/build/src/ipc/chromium/src/chrome/common/ipc_channel_posix.cc, line 736
[Child 10223, Chrome_ChildThread] WARNING: pipe error: Broken pipe: file /builds/worker/workspace/build/src/ipc/chromium/src/chrome/common/ipc_channel_posix.cc, line 736
[Child 10223, Chrome_ChildThread] WARNING: pipe error: Broken pipe: file /builds/worker/workspace/build/src/ipc/chromium/src/chrome/common/ipc_channel_posix.cc, line 736
[Child 10223, Chrome_ChildThread] WARNING: pipe error: Broken pipe: file /builds/worker/workspace/build/src/ipc/chromium/src/chrome/common/ipc_channel_posix.cc, line 736
[Child 10223, Chrome_ChildThread] WARNING: pipe error: Broken pipe: file /builds/worker/workspace/build/src/ipc/chromium/src/chrome/common/ipc_channel_posix.cc, line 736
[Child 10223, Chrome_ChildThread] WARNING: pipe error: Broken pipe: file /builds/worker/workspace/build/src/ipc/chromium/src/chrome/common/ipc_channel_posix.cc, line 736
[Child 10223, Chrome_ChildThread] WARNING: pipe error: Broken pipe: file /builds/worker/workspace/build/src/ipc/chromium/src/chrome/common/ipc_channel_posix.cc, line 736
[Child 10223, Chrome_ChildThread] WARNING: pipe error: Broken pipe: file /builds/worker/workspace/build/src/ipc/chromium/src/chrome/common/ipc_channel_posix.cc, line 736
[Child 10223, Chrome_ChildThread] WARNING: pipe error: Broken pipe: file /builds/worker/workspace/build/src/ipc/chromium/src/chrome/common/ipc_channel_posix.cc, line 736
[Child 10223, Chrome_ChildThread] WARNING: pipe error: Broken pipe: file /builds/worker/workspace/build/src/ipc/chromium/src/chrome/common/ipc_channel_posix.cc, line 736
[Child 10223, Chrome_ChildThread] WARNING: pipe error: Broken pipe: file /builds/worker/workspace/build/src/ipc/chromium/src/chrome/common/ipc_channel_posix.cc, line 736
[Child 10223, Chrome_ChildThread] WARNING: pipe error: Broken pipe: file /builds/worker/workspace/build/src/ipc/chromium/src/chrome/common/ipc_channel_posix.cc, line 736
[Child 10223, Chrome_ChildThread] WARNING: pipe error: Broken pipe: file /builds/worker/workspace/build/src/ipc/chromium/src/chrome/common/ipc_channel_posix.cc, line 736
[Child 10223, Chrome_ChildThread] WARNING: pipe error: Broken pipe: file /builds/worker/workspace/build/src/ipc/chromium/src/chrome/common/ipc_channel_posix.cc, line 736
[Child 10223, Chrome_ChildThread] WARNING: pipe error: Broken pipe: file /builds/worker/workspace/build/src/ipc/chromium/src/chrome/common/ipc_channel_posix.cc, line 736
[Child 10223, Chrome_ChildThread] WARNING: pipe error: Broken pipe: file /builds/worker/workspace/build/src/ipc/chromium/src/chrome/common/ipc_channel_posix.cc, line 736
[Child 10223, Chrome_ChildThread] WARNING: pipe error: Broken pipe: file /builds/worker/workspace/build/src/ipc/chromium/src/chrome/common/ipc_channel_posix.cc, line 736
[Child 10223, Chrome_ChildThread] WARNING: pipe error: Broken pipe: file /builds/worker/workspace/build/src/ipc/chromium/src/chrome/common/ipc_channel_posix.cc, line 736
[Child 10223, Chrome_ChildThread] WARNING: pipe error: Broken pipe: file /builds/worker/workspace/build/src/ipc/chromium/src/chrome/common/ipc_channel_posix.cc, line 736
[Child 10223, Chrome_ChildThread] WARNING: pipe error: Broken pipe: file /builds/worker/workspace/build/src/ipc/chromium/src/chrome/common/ipc_channel_posix.cc, line 736
[Child 10223, Chrome_ChildThread] WARNING: pipe error: Broken pipe: file /builds/worker/workspace/build/src/ipc/chromium/src/chrome/common/ipc_channel_posix.cc, line 736
[Child 10223, Chrome_ChildThread] WARNING: pipe error: Broken pipe: file /builds/worker/workspace/build/src/ipc/chromium/src/chrome/common/ipc_channel_posix.cc, line 736
[Child 10223, Chrome_ChildThread] WARNING: pipe error: Broken pipe: file /builds/worker/workspace/build/src/ipc/chromium/src/chrome/common/ipc_channel_posix.cc, line 736
[Child 10223, Chrome_ChildThread] WARNING: pipe error: Broken pipe: file /builds/worker/workspace/build/src/ipc/chromium/src/chrome/common/ipc_channel_posix.cc, line 736
[Child 10223, Chrome_ChildThread] WARNING: pipe error: Broken pipe: file /builds/worker/workspace/build/src/ipc/chromium/src/chrome/common/ipc_channel_posix.cc, line 736
[Child 10223, Chrome_ChildThread] WARNING: pipe error: Broken pipe: file /builds/worker/workspace/build/src/ipc/chromium/src/chrome/common/ipc_channel_posix.cc, line 736
[Child 10223, Chrome_ChildThread] WARNING: pipe error: Broken pipe: file /builds/worker/workspace/build/src/ipc/chromium/src/chrome/common/ipc_channel_posix.cc, line 736
[Child 10223, Chrome_ChildThread] WARNING: pipe error: Broken pipe: file /builds/worker/workspace/build/src/ipc/chromium/src/chrome/common/ipc_channel_posix.cc, line 736
[Child 10223, Chrome_ChildThread] WARNING: pipe error: Broken pipe: file /builds/worker/workspace/build/src/ipc/chromium/src/chrome/common/ipc_channel_posix.cc, line 736
[Child 10223, Chrome_ChildThread] WARNING: pipe error: Broken pipe: file /builds/worker/workspace/build/src/ipc/chromium/src/chrome/common/ipc_channel_posix.cc, line 736
[Child 10223, Chrome_ChildThread] WARNING: pipe error: Broken pipe: file /builds/worker/workspace/build/src/ipc/chromium/src/chrome/common/ipc_channel_posix.cc, line 736
[Child 10223, Chrome_ChildThread] WARNING: pipe error: Broken pipe: file /builds/worker/workspace/build/src/ipc/chromium/src/chrome/common/ipc_channel_posix.cc, line 736
[Child 10223, Chrome_ChildThread] WARNING: pipe error: Broken pipe: file /builds/worker/workspace/build/src/ipc/chromium/src/chrome/common/ipc_channel_posix.cc, line 736
[Child 10223, Chrome_ChildThread] WARNING: pipe error: Broken pipe: file /builds/worker/workspace/build/src/ipc/chromium/src/chrome/common/ipc_channel_posix.cc, line 736
[Child 10223, Chrome_ChildThread] WARNING: pipe error: Broken pipe: file /builds/worker/workspace/build/src/ipc/chromium/src/chrome/common/ipc_channel_posix.cc, line 736
[Child 10223, Chrome_ChildThread] WARNING: pipe error: Broken pipe: file /builds/worker/workspace/build/src/ipc/chromium/src/chrome/common/ipc_channel_posix.cc, line 736
[Child 10223, Chrome_ChildThread] WARNING: pipe error: Broken pipe: file /builds/worker/workspace/build/src/ipc/chromium/src/chrome/common/ipc_channel_posix.cc, line 736
[Child 10223, Chrome_ChildThread] WARNING: pipe error: Broken pipe: file /builds/worker/workspace/build/src/ipc/chromium/src/chrome/common/ipc_channel_posix.cc, line 736
[Child 10223, Chrome_ChildThread] WARNING: pipe error: Broken pipe: file /builds/worker/workspace/build/src/ipc/chromium/src/chrome/common/ipc_channel_posix.cc, line 736
[Child 10223, Chrome_ChildThread] WARNING: pipe error: Broken pipe: file /builds/worker/workspace/build/src/ipc/chromium/src/chrome/common/ipc_channel_posix.cc, line 736
[Child 10223, Chrome_ChildThread] WARNING: pipe error: Broken pipe: file /builds/worker/workspace/build/src/ipc/chromium/src/chrome/common/ipc_channel_posix.cc, line 736

###!!! [Child][RunMessage] Error: Channel closing: too late to send/recv, messages will be lost

1547314483814	Marionette	INFO	Stopped listening on port 52701
1547314487088	Marionette	INFO	Stopped listening on port 52762
1547314494316	Marionette	INFO	Stopped listening on port 52975

###!!! [Child][MessageChannel] Error: (msgtype=0x3000B8,name=PContent::Msg_ScriptError) Channel closing: too late to send/recv, messages will be lost


###!!! [Child][MessageChannel] Error: (msgtype=0x990006,name=PWebSocket::Msg_DeleteSelf) Channel closing: too late to send/recv, messages will be lost


###!!! [Child][RunMessage] Error: Channel closing: too late to send/recv, messages will be lost


###!!! [Child][RunMessage] Error: Channel closing: too late to send/recv, messages will be lost

1547314497914	Marionette	INFO	Stopped listening on port 53458
IPDL protocol error: Handler returned error code!

###!!! [Parent][DispatchAsyncMessage] Error: PLayerTransaction::Msg_ReleaseLayer Processing error: message was deserialized, but the handler returned false (indicating failure)

IPDL protocol error: Handler returned error code!

###!!! [Parent][DispatchAsyncMessage] Error: PLayerTransaction::Msg_ReleaseLayer Processing error: message was deserialized, but the handler returned false (indicating failure)

IPDL protocol error: Handler returned error code!

###!!! [Parent][DispatchAsyncMessage] Error: PLayerTransaction::Msg_ReleaseLayer Processing error: message was deserialized, but the handler returned false (indicating failure)

IPDL protocol error: Handler returned error code!

###!!! [Parent][DispatchAsyncMessage] Error: PLayerTransaction::Msg_ReleaseLayer Processing error: message was deserialized, but the handler returned false (indicating failure)

IPDL protocol error: Handler returned error code!

###!!! [Parent][DispatchAsyncMessage] Error: PLayerTransaction::Msg_ReleaseLayer Processing error: message was deserialized, but the handler returned false (indicating failure)

IPDL protocol error: Handler returned error code!

###!!! [Parent][DispatchAsyncMessage] Error: PLayerTransaction::Msg_ReleaseLayer Processing error: message was deserialized, but the handler returned false (indicating failure)

IPDL protocol error: Handler returned error code!

###!!! [Parent][DispatchAsyncMessage] Error: PLayerTransaction::Msg_ReleaseLayer Processing error: message was deserialized, but the handler returned false (indicating failure)

IPDL protocol error: Handler returned error code!

###!!! [Parent][DispatchAsyncMessage] Error: PLayerTransaction::Msg_ReleaseLayer Processing error: message was deserialized, but the handler returned false (indicating failure)

IPDL protocol error: Handler returned error code!

###!!! [Parent][DispatchAsyncMessage] Error: PLayerTransaction::Msg_ReleaseLayer Processing error: message was deserialized, but the handler returned false (indicating failure)

IPDL protocol error: Handler returned error code!

###!!! [Parent][DispatchAsyncMessage] Error: PLayerTransaction::Msg_ReleaseLayer Processing error: message was deserialized, but the handler returned false (indicating failure)

IPDL protocol error: Handler returned error code!

###!!! [Parent][DispatchAsyncMessage] Error: PLayerTransaction::Msg_ReleaseLayer Processing error: message was deserialized, but the handler returned false (indicating failure)

IPDL protocol error: Handler returned error code!

###!!! [Parent][DispatchAsyncMessage] Error: PLayerTransaction::Msg_ReleaseLayer Processing error: message was deserialized, but the handler returned false (indicating failure)

IPDL protocol error: Handler returned error code!

###!!! [Parent][DispatchAsyncMessage] Error: PLayerTransaction::Msg_ReleaseLayer Processing error: message was deserialized, but the handler returned false (indicating failure)

1547314503990	Marionette	INFO	Stopped listening on port 54022
1547314506256	Marionette	INFO	Stopped listening on port 54567
1547314508975	Marionette	INFO	Stopped listening on port 54791
1547314561802	mozrunner::runner	INFO	Running command: "/Applications/Firefox.app/Contents/MacOS/firefox-bin" "-marionette" "-foreground" "-no-remote" "-profile" "/var/folders/62/1n9jz0zd6yl3bkgb1h6n8b9h0000gn/T/rust_mozprofile.YHtclYS8IZ8H"
1547314562518	addons.webextension.screenshots@mozilla.org	WARN	Loading extension 'screenshots@mozilla.org': Reading manifest: Invalid host permission: resource://pdf.js/
1547314562518	addons.webextension.screenshots@mozilla.org	WARN	Loading extension 'screenshots@mozilla.org': Reading manifest: Invalid host permission: about:reader*
Can't find symbol 'GetGraphicsResetStatus'.
1547314564157	Marionette	INFO	Listening on port 54947
1547314564202	Marionette	WARN	TLS certificate errors will be ignored for this session
JavaScript warning: https://media.erate.co.il/erate.pp.js?v=218p, line 1: unreachable code after return statement
JavaScript warning: https://media.erate.co.il/erate.pp.js?v=218p, line 1: unreachable code after return statement
JavaScript warning: https://media.erate.co.il/erate.pp.js?v=218p, line 1: unreachable code after return statement
JavaScript warning: https://media.erate.co.il/erate.pp.js?v=218p, line 1: unreachable code after return statement
JavaScript warning: https://media.erate.co.il/erate.pp.js?v=218p, line 1: unreachable code after return statement
JavaScript warning: https://media.erate.co.il/erate.pp.js?v=218p, line 1: unreachable code after return statement
JavaScript warning: https://media.erate.co.il/erate.pp.js?v=218p, line 1: unreachable code after return statement
JavaScript warning: https://media.erate.co.il/erate.pp.js?v=218p, line 1: unreachable code after return statement
JavaScript warning: https://media.erate.co.il/erate.pp.js?v=218p, line 1: unreachable code after return statement
JavaScript warning: https://media.erate.co.il/erate.pp.js?v=218p, line 1: unreachable code after return statement
JavaScript warning: https://media.erate.co.il/erate.pp.js?v=218p, line 1: unreachable code after return statement
JavaScript warning: https://media.erate.co.il/erate.pp.js?v=218p, line 1: unreachable code after return statement
JavaScript warning: https://media.erate.co.il/erate.pp.js?v=218p, line 1: unreachable code after return statement
JavaScript warning: https://media.erate.co.il/erate.pp.js?v=218p, line 1: unreachable code after return statement
JavaScript warning: https://media.erate.co.il/erate.pp.js?v=218p, line 1: unreachable code after return statement
JavaScript warning: https://media.erate.co.il/erate.pp.js?v=218p, line 1: unreachable code after return statement
JavaScript warning: https://media.erate.co.il/erate.pp.js?v=218p, line 1: unreachable code after return statement
JavaScript warning: https://media.erate.co.il/erate.pp.js?v=218p, line 1: unreachable code after return statement
JavaScript warning: https://media.erate.co.il/erate.pp.js?v=218p, line 1: unreachable code after return statement
JavaScript warning: https://media.erate.co.il/erate.pp.js?v=218p, line 1: unreachable code after return statement
JavaScript warning: https://media.erate.co.il/erate.pp.js?v=218p, line 1: unreachable code after return statement
JavaScript warning: https://media.erate.co.il/erate.pp.js?v=218p, line 1: unreachable code after return statement
JavaScript warning: https://media.erate.co.il/erate.pp.js?v=218p, line 1: unreachable code after return statement
JavaScript warning: https://media.erate.co.il/erate.pp.js?v=218p, line 1: unreachable code after return statement
JavaScript warning: https://media.erate.co.il/erate.pp.js?v=218p, line 1: unreachable code after return statement
Can't find symbol 'GetGraphicsResetStatus'.
JavaScript error: https://media.erate.co.il/?pid:48420;tid:52334;perId:40;opif:0, line 35: TypeError: Argument 2 of EventTarget.addEventListener is not an object.
JavaScript error: https://www.walla.co.il/, line 51: TypeError: window.top.document.getElementsByClassName(...)[0] is undefined
[Parent 10261, Gecko_IOThread] WARNING: pipe error: Broken pipe: file /builds/worker/workspace/build/src/ipc/chromium/src/chrome/common/ipc_channel_posix.cc, line 736
IOVARendererID property not found 
JavaScript error: , line 0: AbortError: The fetching process for the media resource was aborted by the user agent at the user's request.
JavaScript warning: https://drf8e429z5jzt.cloudfront.net/js/za_widget_351e.js, line 1: unreachable code after return statement
[Parent 10261, Gecko_IOThread] WARNING: pipe error: Broken pipe: file /builds/worker/workspace/build/src/ipc/chromium/src/chrome/common/ipc_channel_posix.cc, line 736
JavaScript error: , line 0: AbortError: The fetching process for the media resource was aborted by the user agent at the user's request.
JavaScript warning: https://drf8e429z5jzt.cloudfront.net/js/za_widget_351e.js, line 1: unreachable code after return statement
JavaScript warning: https://drf8e429z5jzt.cloudfront.net/js/za_widget_351e.js, line 1: unreachable code after return statement
JavaScript error: https://news.walla.co.il/resources/js/combine/6_8_12_16_18_21_25_26_27_28_29_31_32_33_35_36_37_40_42_45_50_53_54_56_59_69_71_75_76_78_81_84_90_92_112_116_118_127_183_184_187_188_201_220_221_222_223_224_225_226_227_228_229_230_231_232_233_234.js?b=1547128243, line 69386: InvalidStateError: An attempt was made to use an object that is not, or is no longer, usable
JavaScript error: https://news.walla.co.il/resources/js/combine/6_8_12_16_18_21_25_26_27_28_29_31_32_33_35_36_37_40_42_45_50_53_54_56_59_69_71_75_76_78_81_84_90_92_112_116_118_127_183_184_187_188_201_220_221_222_223_224_225_226_227_228_229_230_231_232_233_234.js?b=1547128243, line 69386: InvalidStateError: An attempt was made to use an object that is not, or is no longer, usable
JavaScript error: https://news.walla.co.il/resources/js/combine/6_8_12_16_18_21_25_26_27_28_29_31_32_33_35_36_37_40_42_45_50_53_54_56_59_69_71_75_76_78_81_84_90_92_112_116_118_127_183_184_187_188_201_220_221_222_223_224_225_226_227_228_229_230_231_232_233_234.js?b=1547128243, line 69386: InvalidStateError: An attempt was made to use an object that is not, or is no longer, usable
JavaScript error: https://news.walla.co.il/resources/js/combine/6_8_12_16_18_21_25_26_27_28_29_31_32_33_35_36_37_40_42_45_50_53_54_56_59_69_71_75_76_78_81_84_90_92_112_116_118_127_183_184_187_188_201_220_221_222_223_224_225_226_227_228_229_230_231_232_233_234.js?b=1547128243, line 76462: TypeError: self.playerInstance.play(...) is undefined
[Parent 10261, Gecko_IOThread] WARNING: pipe error: Broken pipe: file /builds/worker/workspace/build/src/ipc/chromium/src/chrome/common/ipc_channel_posix.cc, line 736
JavaScript warning: https://drf8e429z5jzt.cloudfront.net/js/za_widget_351e.js, line 1: unreachable code after return statement
JavaScript error: https://akamai.advsnx.net/CDN/sdk/esync-min.js?1547314749906 line 2 > eval, line 1: TypeError: a.data.indexOf is not a function
JavaScript error: , line 0: AbortError: The fetching process for the media resource was aborted by the user agent at the user's request.
JavaScript error: https://akamai.advsnx.net/CDN/sdk/esync-min.js?1547314749906 line 2 > eval, line 1: TypeError: a.data.indexOf is not a function
JavaScript warning: https://drf8e429z5jzt.cloudfront.net/js/za_widget_351e.js, line 1: unreachable code after return statement
console.error: BroadcastService: 
  receivedBroadcastMessage: handler for
  remote-settings/monitor_changes
  threw error:
  Message: Error: Polling for changes failed: NetworkError when attempting to fetch resource..
  Stack:
    remoteSettingsFunction/remoteSettings.pollChanges@resource://services-settings/remote-settings.js:750:13

1547318878447	mozrunner::runner	INFO	Running command: "/Applications/Firefox.app/Contents/MacOS/firefox-bin" "-marionette" "-foreground" "-no-remote" "-profile" "/var/folders/62/1n9jz0zd6yl3bkgb1h6n8b9h0000gn/T/rust_mozprofile.rnTa06mIcoL5"
1547318880034	addons.webextension.screenshots@mozilla.org	WARN	Loading extension 'screenshots@mozilla.org': Reading manifest: Invalid host permission: resource://pdf.js/
1547318880035	addons.webextension.screenshots@mozilla.org	WARN	Loading extension 'screenshots@mozilla.org': Reading manifest: Invalid host permission: about:reader*
Can't find symbol 'GetGraphicsResetStatus'.
1547318882323	Marionette	INFO	Listening on port 56001
1547318882388	Marionette	WARN	TLS certificate errors will be ignored for this session
JavaScript error: , line 0: uncaught exception: [object Object]
JavaScript error: resource://gre/modules/WebProgressChild.jsm, line 58: TypeError: this.mm.content is null
JavaScript error: resource:///modules/FaviconLoader.jsm, line 419: NS_ERROR_ILLEGAL_VALUE
JavaScript error: resource:///modules/FaviconLoader.jsm, line 419: NS_ERROR_ILLEGAL_VALUE
1547318942218	mozrunner::runner	INFO	Running command: "/Applications/Firefox.app/Contents/MacOS/firefox-bin" "-marionette" "-foreground" "-no-remote" "-profile" "/var/folders/62/1n9jz0zd6yl3bkgb1h6n8b9h0000gn/T/rust_mozprofile.cqE5n72qg4Ys"
1547318943003	addons.webextension.screenshots@mozilla.org	WARN	Loading extension 'screenshots@mozilla.org': Reading manifest: Invalid host permission: resource://pdf.js/
1547318943003	addons.webextension.screenshots@mozilla.org	WARN	Loading extension 'screenshots@mozilla.org': Reading manifest: Invalid host permission: about:reader*
Can't find symbol 'GetGraphicsResetStatus'.
1547318944950	Marionette	INFO	Listening on port 56108
1547318944989	Marionette	WARN	TLS certificate errors will be ignored for this session
JavaScript error: jar:file:///Applications/Firefox.app/Contents/Resources/browser/omni.ja!/components/nsBrowserGlue.js, line 3061: NS_ERROR_FAILURE: Component returned failure code: 0x80004005 (NS_ERROR_FAILURE) [nsIContentPermissionRequest.cancel]
JavaScript error: resource://gre/modules/WebProgressChild.jsm, line 58: TypeError: this.mm.content is null
console.error: BroadcastService: 
  receivedBroadcastMessage: handler for
  remote-settings/monitor_changes
  threw error:
  Message: Error: Polling for changes failed: NetworkError when attempting to fetch resource..
  Stack:
    remoteSettingsFunction/remoteSettings.pollChanges@resource://services-settings/remote-settings.js:750:13

console.error: BroadcastService: 
  receivedBroadcastMessage: handler for
  remote-settings/monitor_changes
  threw error:
  Message: Error: Polling for changes failed: NetworkError when attempting to fetch resource..
  Stack:
    remoteSettingsFunction/remoteSettings.pollChanges@resource://services-settings/remote-settings.js:750:13

1547319283309	mozrunner::runner	INFO	Running command: "/Applications/Firefox.app/Contents/MacOS/firefox-bin" "-marionette" "-foreground" "-no-remote" "-profile" "/var/folders/62/1n9jz0zd6yl3bkgb1h6n8b9h0000gn/T/rust_mozprofile.2Pks0MGgDBJH"
1547319284810	addons.webextension.screenshots@mozilla.org	WARN	Loading extension 'screenshots@mozilla.org': Reading manifest: Invalid host permission: resource://pdf.js/
1547319284810	addons.webextension.screenshots@mozilla.org	WARN	Loading extension 'screenshots@mozilla.org': Reading manifest: Invalid host permission: about:reader*
Can't find symbol 'GetGraphicsResetStatus'.
1547319286679	Marionette	INFO	Listening on port 56275
1547319286766	Marionette	WARN	TLS certificate errors will be ignored for this session
JavaScript warning: https://media.erate.co.il/erate.pp.js?v=218p, line 1: unreachable code after return statement
JavaScript warning: https://media.erate.co.il/erate.pp.js?v=218p, line 1: unreachable code after return statement
JavaScript warning: https://media.erate.co.il/erate.pp.js?v=218p, line 1: unreachable code after return statement
JavaScript warning: https://media.erate.co.il/erate.pp.js?v=218p, line 1: unreachable code after return statement
JavaScript warning: https://media.erate.co.il/erate.pp.js?v=218p, line 1: unreachable code after return statement
JavaScript warning: https://media.erate.co.il/erate.pp.js?v=218p, line 1: unreachable code after return statement
JavaScript warning: https://media.erate.co.il/erate.pp.js?v=218p, line 1: unreachable code after return statement
JavaScript warning: https://media.erate.co.il/erate.pp.js?v=218p, line 1: unreachable code after return statement
JavaScript warning: https://media.erate.co.il/erate.pp.js?v=218p, line 1: unreachable code after return statement
JavaScript warning: https://media.erate.co.il/erate.pp.js?v=218p, line 1: unreachable code after return statement
JavaScript warning: https://media.erate.co.il/erate.pp.js?v=218p, line 1: unreachable code after return statement
JavaScript warning: https://media.erate.co.il/erate.pp.js?v=218p, line 1: unreachable code after return statement
JavaScript warning: https://media.erate.co.il/erate.pp.js?v=218p, line 1: unreachable code after return statement
JavaScript warning: https://media.erate.co.il/erate.pp.js?v=218p, line 1: unreachable code after return statement
JavaScript warning: https://media.erate.co.il/erate.pp.js?v=218p, line 1: unreachable code after return statement
JavaScript warning: https://media.erate.co.il/erate.pp.js?v=218p, line 1: unreachable code after return statement
JavaScript warning: https://media.erate.co.il/erate.pp.js?v=218p, line 1: unreachable code after return statement
JavaScript warning: https://media.erate.co.il/erate.pp.js?v=218p, line 1: unreachable code after return statement
JavaScript warning: https://media.erate.co.il/erate.pp.js?v=218p, line 1: unreachable code after return statement
JavaScript warning: https://media.erate.co.il/erate.pp.js?v=218p, line 1: unreachable code after return statement
JavaScript warning: https://media.erate.co.il/erate.pp.js?v=218p, line 1: unreachable code after return statement
JavaScript warning: https://media.erate.co.il/erate.pp.js?v=218p, line 1: unreachable code after return statement
JavaScript warning: https://media.erate.co.il/erate.pp.js?v=218p, line 1: unreachable code after return statement
JavaScript warning: https://media.erate.co.il/erate.pp.js?v=218p, line 1: unreachable code after return statement
JavaScript warning: https://media.erate.co.il/erate.pp.js?v=218p, line 1: unreachable code after return statement
Can't find symbol 'GetGraphicsResetStatus'.
JavaScript error: https://media.erate.co.il/?pid:48420;tid:52334;perId:40;opif:0, line 35: TypeError: Argument 2 of EventTarget.addEventListener is not an object.
[Parent 10592, Gecko_IOThread] WARNING: pipe error: Broken pipe: file /builds/worker/workspace/build/src/ipc/chromium/src/chrome/common/ipc_channel_posix.cc, line 736
JavaScript error: https://news.walla.co.il/resources/js/combine/6_8_12_16_18_21_25_26_27_28_29_31_32_33_35_36_37_40_42_45_50_53_54_56_59_69_71_75_76_78_81_84_90_92_112_116_118_127_183_184_187_188_201_220_221_222_223_224_225_226_227_228_229_230_231_232_233_234.js?b=1547128243, line 69386: InvalidStateError: An attempt was made to use an object that is not, or is no longer, usable
[Parent 10592, Gecko_IOThread] WARNING: pipe error: Broken pipe: file /builds/worker/workspace/build/src/ipc/chromium/src/chrome/common/ipc_channel_posix.cc, line 736
JavaScript error: , line 0: AbortError: The fetching process for the media resource was aborted by the user agent at the user's request.
IOVARendererID property not found 
JavaScript warning: https://drf8e429z5jzt.cloudfront.net/js/za_widget_351e.js, line 1: unreachable code after return statement
JavaScript error: https://cdn.trackjs.com/releases/current/tracker.js, line 37: Error: TrackJS Caught: An attempt was made to use an object that is not, or is no longer, usable
JavaScript error: https://cdn.trackjs.com/releases/current/tracker.js, line 37: Error: TrackJS Caught: An attempt was made to use an object that is not, or is no longer, usable
JavaScript error: https://cdn.trackjs.com/releases/current/tracker.js, line 37: Error: TrackJS Caught: An attempt was made to use an object that is not, or is no longer, usable
JavaScript error: https://cdn.trackjs.com/releases/current/tracker.js, line 37: Error: TrackJS Caught: self.playerInstance.play(...) is undefined
JavaScript error: https://cdn.trackjs.com/releases/current/tracker.js, line 37: Error: TrackJS Caught: event.target is undefined
JavaScript error: https://cdn.trackjs.com/releases/current/tracker.js, line 37: Error: TrackJS Caught: event.target is undefined
JavaScript error: https://cdn.trackjs.com/releases/current/tracker.js, line 37: Error: TrackJS Caught: event.target is undefined
JavaScript error: https://cdn.trackjs.com/releases/current/tracker.js, line 37: Error: TrackJS Caught: event.target is undefined
console.error: BroadcastService: 
  receivedBroadcastMessage: handler for
  remote-settings/monitor_changes
  threw error:
  Message: Error: Polling for changes failed: NetworkError when attempting to fetch resource..
  Stack:
    remoteSettingsFunction/remoteSettings.pollChanges@resource://services-settings/remote-settings.js:750:13

1547574775725	mozrunner::runner	INFO	Running command: "/Applications/Firefox.app/Contents/MacOS/firefox-bin" "-marionette" "-foreground" "-no-remote" "-profile" "/var/folders/62/1n9jz0zd6yl3bkgb1h6n8b9h0000gn/T/rust_mozprofile.NyYGjURIRmX5"
1547574776676	addons.webextension.screenshots@mozilla.org	WARN	Loading extension 'screenshots@mozilla.org': Reading manifest: Invalid host permission: resource://pdf.js/
1547574776676	addons.webextension.screenshots@mozilla.org	WARN	Loading extension 'screenshots@mozilla.org': Reading manifest: Invalid host permission: about:reader*
Can't find symbol 'GetGraphicsResetStatus'.
1547574778752	Marionette	INFO	Listening on port 62888
1547574778781	Marionette	WARN	TLS certificate errors will be ignored for this session
JavaScript warning: https://media.erate.co.il/erate.pp.js?v=218p, line 1: unreachable code after return statement
JavaScript warning: https://media.erate.co.il/erate.pp.js?v=218p, line 1: unreachable code after return statement
JavaScript warning: https://media.erate.co.il/erate.pp.js?v=218p, line 1: unreachable code after return statement
JavaScript warning: https://media.erate.co.il/erate.pp.js?v=218p, line 1: unreachable code after return statement
JavaScript warning: https://media.erate.co.il/erate.pp.js?v=218p, line 1: unreachable code after return statement
JavaScript warning: https://media.erate.co.il/erate.pp.js?v=218p, line 1: unreachable code after return statement
JavaScript warning: https://media.erate.co.il/erate.pp.js?v=218p, line 1: unreachable code after return statement
JavaScript warning: https://media.erate.co.il/erate.pp.js?v=218p, line 1: unreachable code after return statement
JavaScript warning: https://media.erate.co.il/erate.pp.js?v=218p, line 1: unreachable code after return statement
JavaScript warning: https://media.erate.co.il/erate.pp.js?v=218p, line 1: unreachable code after return statement
JavaScript warning: https://media.erate.co.il/erate.pp.js?v=218p, line 1: unreachable code after return statement
JavaScript warning: https://media.erate.co.il/erate.pp.js?v=218p, line 1: unreachable code after return statement
JavaScript warning: https://media.erate.co.il/erate.pp.js?v=218p, line 1: unreachable code after return statement
JavaScript warning: https://media.erate.co.il/erate.pp.js?v=218p, line 1: unreachable code after return statement
JavaScript warning: https://media.erate.co.il/erate.pp.js?v=218p, line 1: unreachable code after return statement
JavaScript warning: https://media.erate.co.il/erate.pp.js?v=218p, line 1: unreachable code after return statement
JavaScript warning: https://media.erate.co.il/erate.pp.js?v=218p, line 1: unreachable code after return statement
JavaScript warning: https://media.erate.co.il/erate.pp.js?v=218p, line 1: unreachable code after return statement
JavaScript warning: https://media.erate.co.il/erate.pp.js?v=218p, line 1: unreachable code after return statement
JavaScript warning: https://media.erate.co.il/erate.pp.js?v=218p, line 1: unreachable code after return statement
JavaScript warning: https://media.erate.co.il/erate.pp.js?v=218p, line 1: unreachable code after return statement
JavaScript warning: https://media.erate.co.il/erate.pp.js?v=218p, line 1: unreachable code after return statement
JavaScript warning: https://media.erate.co.il/erate.pp.js?v=218p, line 1: unreachable code after return statement
JavaScript warning: https://media.erate.co.il/erate.pp.js?v=218p, line 1: unreachable code after return statement
JavaScript warning: https://media.erate.co.il/erate.pp.js?v=218p, line 1: unreachable code after return statement
Can't find symbol 'GetGraphicsResetStatus'.
JavaScript error: https://media.erate.co.il/?pid:93990;tid:97125;perId:40;opif:0, line 35: TypeError: Argument 2 of EventTarget.addEventListener is not an object.
IOVARendererID property not found 
console.error: "Error while calling actor 'layout's method 'getGrids'" "node is null"
console.error: "getGrids@resource://devtools/shared/base-loader.js -> resource://devtools/server/actors/layout.js:424:11\ngetGrids@resource://devtools/shared/base-loader.js -> resource://devtools/server/actors/layout.js:429:38\nhandler@resource://devtools/shared/base-loader.js -> resource://devtools/shared/protocol.js:1198:21\nonPacket@resource://devtools/shared/base-loader.js -> resource://devtools/server/main.js:1313:15\nreceiveMessage@resource://devtools/shared/base-loader.js -> resource://devtools/shared/transport/child-transport.js:66:5\n"
console.error: BroadcastService: 
  receivedBroadcastMessage: handler for
  remote-settings/monitor_changes
  threw error:
  Message: Error: Polling for changes failed: NetworkError when attempting to fetch resource..
  Stack:
    remoteSettingsFunction/remoteSettings.pollChanges@resource://services-settings/remote-settings.js:750:13

Can't find symbol 'GetGraphicsResetStatus'.
1547623219401	Marionette	INFO	Stopped listening on port 62888
